Arguments: 
  C:\Program Files\nodejs\node.exe C:\Program Files\nodejs\node_modules\yarn\bin\yarn.js add eslint @typescript-eslint/parser @typescript/eslint-plugin --dev

PATH: 
  C:\Program Files\PowerShell\7;C:\Program Files (x86)\Common Files\Oracle\Java\javapath;C:\ProgramData\Oracle\Java\javapath;C:\Program Files\Broadcom\Broadcom 802.11 Network Adapter\Driver;C:\Windows\system32;C:\Windows;C:\Windows\System32\Wbem;C:\Windows\System32\WindowsPowerShell\v1.0\;C:\Program Files (x86)\Windows Live\Shared;C:\Program Files (x86)\Microsoft ASP.NET\ASP.NET Web Pages\v1.0\;C:\Program Files (x86)\Microsoft SDKs\TypeScript\;C:\Program Files (x86)\Microsoft SDKs\TypeScript\1.0\;C:\Program Files (x86)\QuickTime\QTSystem\;E:\MinGW\bin;C:\Program Files (x86)\GNU\GnuPG\pub;C:\Program Files (x86)\GtkSharp\2.12\bin;E:\SQL Server\Sub SQL Folder\110\Tools\Binn\;E:\SQL Server\110\Tools\Binn\;E:\SQL Server\110\DTS\Binn\;E:\SQL Server\Sub SQL Folder\110\Tools\Binn\ManagementStudio\;E:\SQL Server\Sub SQL Folder\110\DTS\Binn\;C:\Program Files (x86)\NVIDIA Corporation\PhysX\Common;C:\Program Files (x86)\Microsoft SDKs\Azure\CLI\wbin;C:\ProgramData\chocolatey\bin;C:\WINDOWS\system32;C:\WINDOWS;C:\WINDOWS\System32\Wbem;C:\WINDOWS\System32\WindowsPowerShell\v1.0\;e:\SQL Server\120\Tools\Binn\;C:\Program Files (x86)\Skype\Phone\;C:\tools\python;C:\Program Files (x86)\MySQL\MySQL Fabric 1.5 & MySQL Utilities 1.5\;C:\Program Files (x86)\MySQL\MySQL Fabric 1.5 & MySQL Utilities 1.5\Doctrine extensions for PHP\;C:\Users\Kyle-PC\AppData\Roaming\nvm;C:\Program Files\nodejs;C:\WINDOWS\system32;C:\WINDOWS;C:\WINDOWS\System32\Wbem;C:\WINDOWS\System32\WindowsPowerShell\v1.0\;e:\SQL Server\130\Tools\Binn\;C:\Program Files (x86)\Microsoft Emulator Manager\1.0\;C:\Program Files\dotnet\;C:\WINDOWS\System32\OpenSSH\;e:\SQL Server\Client SDK\ODBC\170\Tools\Binn\;C:\Program Files (x86)\nodejs\;C:\Program Files\Microsoft\Web Platform Installer\;C:\Program Files\Microsoft Service Fabric\bin\Fabric\Fabric.Code;C:\Program Files\Microsoft SDKs\Service Fabric\Tools\ServiceFabricLocalClusterManager;C:\Program Files (x86)\Google\Cloud SDK\google-cloud-sdk\bin;C:\Users\kbastien\AppData\Local\Microsoft\WindowsApps;e:\SQL Server\Sub SQL Folder\150\Tools\Binn\;e:\SQL Server\150\Tools\Binn\;e:\SQL Server\150\DTS\Binn\;e:\SQL Server\Sub SQL Folder\150\DTS\Binn\;C:\Program Files\Git\cmd;C:\Program Files\PowerShell\7\;C:\Users\kbastien\AppData\Local\Microsoft\WindowsApps;C:\Users\kbastien\AppData\Local\Programs\Microsoft VS Code\bin;C:\azcopy\

Yarn version: 
  1.22.5

Node version: 
  12.16.3

Platform: 
  win32 x64

Trace: 
  Error: https://registry.yarnpkg.com/@typescript%2feslint-plugin: Not found
      at Request.params.callback [as _callback] (C:\Users\Kyle-PC\AppData\Roaming\nvm\v12.16.3\node_modules\yarn\lib\cli.js:66988:18)
      at Request.self.callback (C:\Users\Kyle-PC\AppData\Roaming\nvm\v12.16.3\node_modules\yarn\lib\cli.js:140662:22)
      at Request.emit (events.js:310:20)
      at Request.<anonymous> (C:\Users\Kyle-PC\AppData\Roaming\nvm\v12.16.3\node_modules\yarn\lib\cli.js:141634:10)
      at Request.emit (events.js:310:20)
      at IncomingMessage.<anonymous> (C:\Users\Kyle-PC\AppData\Roaming\nvm\v12.16.3\node_modules\yarn\lib\cli.js:141556:12)
      at Object.onceWrapper (events.js:416:28)
      at IncomingMessage.emit (events.js:322:22)
      at endReadableNT (_stream_readable.js:1187:12)
      at processTicksAndRejections (internal/process/task_queues.js:84:21)

npm manifest: 
  {
    "name": "advent-of-code-2020",
    "version": "1.0.0",
    "description": "My advent of code",
    "main": "index.js",
    "scripts": {
      "test": "echo \"Error: no test specified\" && exit 1",
      "run-puzzle-1": "yarn tsc && node dist/day-1/puzzle-1.js",
      "run-puzzle-2": "yarn tsc && node dist/day-1/puzzle-2.js",
      "run-puzzle-3": "yarn tsc && node dist/day-2/puzzle-3.js",
      "run-puzzle-4": "yarn tsc && node dist/day-2/puzzle-4.js"
    },
    "author": "Kyle Bastien",
    "license": "MIT",
    "dependencies": {
      "@types/node": "^14.14.10",
      "prettier": "^2.2.1",
      "typescript": "^4.1.2"
    }
  }

yarn manifest: 
  No manifest

Lockfile: 
  # THIS IS AN AUTOGENERATED FILE. DO NOT EDIT THIS FILE DIRECTLY.
  # yarn lockfile v1
  
  
  "@types/node@^14.14.10":
    version "14.14.10"
    resolved "https://registry.yarnpkg.com/@types/node/-/node-14.14.10.tgz#5958a82e41863cfc71f2307b3748e3491ba03785"
    integrity sha512-J32dgx2hw8vXrSbu4ZlVhn1Nm3GbeCFNw2FWL8S5QKucHGY0cyNwjdQdO+KMBZ4wpmC7KhLCiNsdk1RFRIYUQQ==
  
  prettier@^2.2.1:
    version "2.2.1"
    resolved "https://registry.yarnpkg.com/prettier/-/prettier-2.2.1.tgz#795a1a78dd52f073da0cd42b21f9c91381923ff5"
    integrity sha512-PqyhM2yCjg/oKkFPtTGUojv7gnZAoG80ttl45O6x2Ug/rMJw4wcc9k6aaf2hibP7BGVCCM33gZoGjyvt9mm16Q==
  
  typescript@^4.1.2:
    version "4.1.2"
    resolved "https://registry.yarnpkg.com/typescript/-/typescript-4.1.2.tgz#6369ef22516fe5e10304aae5a5c4862db55380e9"
    integrity sha512-thGloWsGH3SOxv1SoY7QojKi0tc+8FnOmiarEGMbd/lar7QOEd3hvlx3Fp5y6FlDUGl9L+pd4n2e+oToGMmhRQ==
